[INFO] 2022-08-26 10:08:54.407 Task1:41 - From file we get: Hello to our program, it is a binary output stream 
[INFO] 2022-08-26 10:09:48.504 Task1:41 - From file we get: Hello to our program, it is a binary output streamHello to our program, it is a binary output stream 
[INFO] 2022-08-26 10:11:31.955 Task1:41 - From file we get: Hello to our program, it is a binary output streamHello to our program, it is a binary output streamHello to our program, it is a binary output stream 
[INFO] 2022-08-26 10:12:26.724 Task1:41 - From file we get: Hello to our program, it is a binary output streamHello to our program, it is a binary output streamHello to our program, it is a binary output streamHello to our program, it is a binary output stream 
[INFO] 2022-08-26 10:13:33.814 Task1:41 - From file we get: Hello to our program, it is a binary output streamHello to our program, it is a binary output streamHello to our program, it is a binary output streamHello to our program, it is a binary output streamHello to our program, it is a binary output stream 
[INFO] 2022-08-26 10:14:41.568 Task1:41 - From file we get: Hello to our program, it is a binary output streamHello to our program, it is a binary output streamHello to our program, it is a binary output streamHello to our program, it is a binary output streamHello to our program, it is a binary output streamHello to our program, it is a binary output stream 
[INFO] 2022-08-26 10:14:41.584 Task1:71 -  From file we get: Hello, it is a character output stream 
[INFO] 2022-08-26 10:15:46.124 Task1:41 - From file we get: Hello to our program, it is a binary output streamHello to our program, it is a binary output streamHello to our program, it is a binary output streamHello to our program, it is a binary output streamHello to our program, it is a binary output streamHello to our program, it is a binary output streamHello to our program, it is a binary output stream
 
[INFO] 2022-08-26 10:15:46.124 Task1:71 - From file we get: Hello, it is a character output stream
 
[INFO] 2022-08-26 10:18:24.800 Task1:41 - From file we get: 
Hello to our program, it is a binary output stream 
[INFO] 2022-08-26 10:18:24.808 Task1:71 - 
From file we get: Hello, it is a character output stream 
[INFO] 2022-08-26 10:18:50.727 Task1:41 - From file we get: 
Hello to our program, it is a binary output stream
Hello to our program, it is a binary output stream 
[INFO] 2022-08-26 10:18:50.743 Task1:71 - From file we get: Hello, it is a character output stream 
[INFO] 2022-08-26 10:26:46.887 Task1:54 - From file we get: 
Hello to our program, it is a binary output stream
Hello to our program, it is a binary output stream
Hello to our program, it is a binary output stream 
[INFO] 2022-08-26 10:26:46.895 Task1:86 - From file we get: Hello, it is a character output stream 
